<?xml version="1.0" encoding="UTF-8"?>
<testng-results ignored="0" total="4" passed="2" failed="2" skipped="0">
  <reporter-output>
    <line>
      <![CDATA[A Class Started..]]>
    </line>
    <line>
      <![CDATA[testLoginA Test Started..]]>
    </line>
    <line>
      <![CDATA[testLoginA Test Passed..]]>
    </line>
    <line>
      <![CDATA[A Test Finished..]]>
    </line>
    <line>
      <![CDATA[B Class Started..]]>
    </line>
    <line>
      <![CDATA[testLoginB Test Started..]]>
    </line>
    <line>
      <![CDATA[testLoginB Test Failed..java.lang.AssertionError: expected [true] but found [false]]]>
    </line>
    <line>
      <![CDATA[B Test Finished..]]>
    </line>
    <line>
      <![CDATA[C Class Started..]]>
    </line>
    <line>
      <![CDATA[testLoginC Test Started..]]>
    </line>
    <line>
      <![CDATA[testLoginC Test Failed..java.lang.AssertionError: expected [true] but found [false]]]>
    </line>
    <line>
      <![CDATA[C Test Finished..]]>
    </line>
    <line>
      <![CDATA[TestScreenShot Class Started..]]>
    </line>
    <line>
      <![CDATA[testScreen Test Started..]]>
    </line>
    <line>
      <![CDATA[<a href='D:\automationProject\uiFrameWork\src\main\resources\screenShots\fbSCR_11_12_2018_07_06_40.png'><img src='D:\automationProject\uiFrameWork\src\main\resources\screenShots\fbSCR_11_12_2018_07_06_40.png'height='100' width='100'/></a>]]>
    </line>
    <line>
      <![CDATA[testScreen Test Passed..]]>
    </line>
    <line>
      <![CDATA[<a href='D:\automationProject\uiFrameWork\src\main\resources\screenShots\testScreen_11_12_2018_07_06_42.png'><img src='D:\automationProject\uiFrameWork\src\main\resources\screenShots\testScreen_11_12_2018_07_06_42.png'height='100' width='100'/></a>]]>
    </line>
  </reporter-output>
  <suite started-at="2018-12-11T13:36:30Z" name="Regression Suite" finished-at="2018-12-11T13:36:43Z" duration-ms="13051">
    <groups>
    </groups>
    <test started-at="2018-12-11T13:36:30Z" name="A" finished-at="2018-12-11T13:36:30Z" duration-ms="30">
      <class name="com.uiFrameWork.A">
        <test-method signature="testLoginA()[pri:0, instance:com.uiFrameWork.A@47987356]" started-at="2018-12-11T13:36:30Z" name="testLoginA" finished-at="2018-12-11T13:36:30Z" duration-ms="8" status="PASS">
          <reporter-output>
            <line>
              <![CDATA[testLoginA Test Started..]]>
            </line>
            <line>
              <![CDATA[testLoginA Test Passed..]]>
            </line>
          </reporter-output>
        </test-method> <!-- testLoginA -->
      </class> <!-- com.uiFrameWork.A -->
    </test> <!-- A -->
    <test started-at="2018-12-11T13:36:30Z" name="B" finished-at="2018-12-11T13:36:30Z" duration-ms="16">
      <class name="com.uiFrameWork.B">
        <test-method signature="testLoginB()[pri:0, instance:com.uiFrameWork.B@57cf54e1]" started-at="2018-12-11T13:36:30Z" name="testLoginB" finished-at="2018-12-11T13:36:30Z" duration-ms="3" status="FAIL">
          <exception class="java.lang.AssertionError">
            <message>
              <![CDATA[expected [true] but found [false]]]>
            </message>
            <full-stacktrace>
              <![CDATA[java.lang.AssertionError: expected [true] but found [false]
at org.testng.Assert.fail(Assert.java:96)
at org.testng.Assert.failNotEquals(Assert.java:776)
at org.testng.Assert.assertTrue(Assert.java:44)
at org.testng.Assert.assertTrue(Assert.java:54)
at com.uiFrameWork.B.testLoginB(B.java:17)
at java.base/jdk.internal.reflect.NativeMethodAccessorImpl.invoke0(Native Method)
at java.base/jdk.internal.reflect.NativeMethodAccessorImpl.invoke(NativeMethodAccessorImpl.java:62)
at java.base/jdk.internal.reflect.DelegatingMethodAccessorImpl.invoke(DelegatingMethodAccessorImpl.java:43)
at java.base/java.lang.reflect.Method.invoke(Method.java:566)
at org.testng.internal.MethodInvocationHelper.invokeMethod(MethodInvocationHelper.java:124)
at org.testng.internal.Invoker.invokeMethod(Invoker.java:580)
at org.testng.internal.Invoker.invokeTestMethod(Invoker.java:716)
at org.testng.internal.Invoker.invokeTestMethods(Invoker.java:988)
at org.testng.internal.TestMethodWorker.invokeTestMethods(TestMethodWorker.java:125)
at org.testng.internal.TestMethodWorker.run(TestMethodWorker.java:109)
at org.testng.TestRunner.privateRun(TestRunner.java:648)
at org.testng.TestRunner.run(TestRunner.java:505)
at org.testng.SuiteRunner.runTest(SuiteRunner.java:455)
at org.testng.SuiteRunner.runSequentially(SuiteRunner.java:450)
at org.testng.SuiteRunner.privateRun(SuiteRunner.java:415)
at org.testng.SuiteRunner.run(SuiteRunner.java:364)
at org.testng.SuiteRunnerWorker.runSuite(SuiteRunnerWorker.java:52)
at org.testng.SuiteRunnerWorker.run(SuiteRunnerWorker.java:84)
at org.testng.TestNG.runSuitesSequentially(TestNG.java:1208)
at org.testng.TestNG.runSuitesLocally(TestNG.java:1137)
at org.testng.TestNG.runSuites(TestNG.java:1049)
at org.testng.TestNG.run(TestNG.java:1017)
at org.testng.remote.AbstractRemoteTestNG.run(AbstractRemoteTestNG.java:114)
at org.testng.remote.RemoteTestNG.initAndRun(RemoteTestNG.java:251)
at org.testng.remote.RemoteTestNG.main(RemoteTestNG.java:77)
]]>
            </full-stacktrace>
          </exception> <!-- java.lang.AssertionError -->
          <reporter-output>
            <line>
              <![CDATA[testLoginB Test Started..]]>
            </line>
            <line>
              <![CDATA[testLoginB Test Failed..java.lang.AssertionError: expected [true] but found [false]]]>
            </line>
          </reporter-output>
        </test-method> <!-- testLoginB -->
      </class> <!-- com.uiFrameWork.B -->
    </test> <!-- B -->
    <test started-at="2018-12-11T13:36:30Z" name="C" finished-at="2018-12-11T13:36:30Z" duration-ms="22">
      <class name="com.uiFrameWork.C">
        <test-method signature="testLoginC()[pri:0, instance:com.uiFrameWork.C@3c7f66c4]" started-at="2018-12-11T13:36:30Z" name="testLoginC" finished-at="2018-12-11T13:36:30Z" duration-ms="13" status="FAIL">
          <exception class="java.lang.AssertionError">
            <message>
              <![CDATA[expected [true] but found [false]]]>
            </message>
            <full-stacktrace>
              <![CDATA[java.lang.AssertionError: expected [true] but found [false]
at org.testng.Assert.fail(Assert.java:96)
at org.testng.Assert.failNotEquals(Assert.java:776)
at org.testng.Assert.assertTrue(Assert.java:44)
at org.testng.Assert.assertTrue(Assert.java:54)
at com.uiFrameWork.C.testLoginC(C.java:16)
at java.base/jdk.internal.reflect.NativeMethodAccessorImpl.invoke0(Native Method)
at java.base/jdk.internal.reflect.NativeMethodAccessorImpl.invoke(NativeMethodAccessorImpl.java:62)
at java.base/jdk.internal.reflect.DelegatingMethodAccessorImpl.invoke(DelegatingMethodAccessorImpl.java:43)
at java.base/java.lang.reflect.Method.invoke(Method.java:566)
at org.testng.internal.MethodInvocationHelper.invokeMethod(MethodInvocationHelper.java:124)
at org.testng.internal.Invoker.invokeMethod(Invoker.java:580)
at org.testng.internal.Invoker.invokeTestMethod(Invoker.java:716)
at org.testng.internal.Invoker.invokeTestMethods(Invoker.java:988)
at org.testng.internal.TestMethodWorker.invokeTestMethods(TestMethodWorker.java:125)
at org.testng.internal.TestMethodWorker.run(TestMethodWorker.java:109)
at org.testng.TestRunner.privateRun(TestRunner.java:648)
at org.testng.TestRunner.run(TestRunner.java:505)
at org.testng.SuiteRunner.runTest(SuiteRunner.java:455)
at org.testng.SuiteRunner.runSequentially(SuiteRunner.java:450)
at org.testng.SuiteRunner.privateRun(SuiteRunner.java:415)
at org.testng.SuiteRunner.run(SuiteRunner.java:364)
at org.testng.SuiteRunnerWorker.runSuite(SuiteRunnerWorker.java:52)
at org.testng.SuiteRunnerWorker.run(SuiteRunnerWorker.java:84)
at org.testng.TestNG.runSuitesSequentially(TestNG.java:1208)
at org.testng.TestNG.runSuitesLocally(TestNG.java:1137)
at org.testng.TestNG.runSuites(TestNG.java:1049)
at org.testng.TestNG.run(TestNG.java:1017)
at org.testng.remote.AbstractRemoteTestNG.run(AbstractRemoteTestNG.java:114)
at org.testng.remote.RemoteTestNG.initAndRun(RemoteTestNG.java:251)
at org.testng.remote.RemoteTestNG.main(RemoteTestNG.java:77)
]]>
            </full-stacktrace>
          </exception> <!-- java.lang.AssertionError -->
          <reporter-output>
            <line>
              <![CDATA[testLoginC Test Started..]]>
            </line>
            <line>
              <![CDATA[testLoginC Test Failed..java.lang.AssertionError: expected [true] but found [false]]]>
            </line>
          </reporter-output>
        </test-method> <!-- testLoginC -->
      </class> <!-- com.uiFrameWork.C -->
    </test> <!-- C -->
    <test started-at="2018-12-11T13:36:31Z" name="TestScreenShot" finished-at="2018-12-11T13:36:43Z" duration-ms="12924">
      <class name="com.uiFrameWork.zone92.projectAutomation.testScripts.TestScreenShot">
        <test-method is-config="true" signature="beforeSuite()[pri:0, instance:com.uiFrameWork.zone92.projectAutomation.testScripts.TestScreenShot@4efac082]" started-at="2018-12-11T13:36:30Z" name="beforeSuite" finished-at="2018-12-11T13:36:30Z" duration-ms="183" status="PASS">
          <reporter-output>
          </reporter-output>
        </test-method> <!-- beforeSuite -->
        <test-method is-config="true" signature="beforeTest()[pri:0, instance:com.uiFrameWork.zone92.projectAutomation.testScripts.TestScreenShot@4efac082]" started-at="2018-12-11T13:36:31Z" name="beforeTest" finished-at="2018-12-11T13:36:35Z" duration-ms="4619" status="PASS">
          <reporter-output>
          </reporter-output>
        </test-method> <!-- beforeTest -->
        <test-method is-config="true" signature="beforeClass()[pri:0, instance:com.uiFrameWork.zone92.projectAutomation.testScripts.TestScreenShot@4efac082]" started-at="2018-12-11T13:36:35Z" name="beforeClass" finished-at="2018-12-11T13:36:35Z" duration-ms="2" status="PASS">
          <reporter-output>
          </reporter-output>
        </test-method> <!-- beforeClass -->
        <test-method is-config="true" signature="beforeMethod(java.lang.reflect.Method)[pri:0, instance:com.uiFrameWork.zone92.projectAutomation.testScripts.TestScreenShot@4efac082]" started-at="2018-12-11T13:36:35Z" name="beforeMethod" finished-at="2018-12-11T13:36:35Z" duration-ms="7" status="PASS">
          <params>
            <param index="0">
              <value>
                <![CDATA[public void com.uiFrameWork.zone92.projectAutomation.testScripts.TestScreenShot.testScreen()]]>
              </value>
            </param>
          </params>
          <reporter-output>
          </reporter-output>
        </test-method> <!-- beforeMethod -->
        <test-method signature="testScreen()[pri:0, instance:com.uiFrameWork.zone92.projectAutomation.testScripts.TestScreenShot@4efac082]" started-at="2018-12-11T13:36:35Z" name="testScreen" finished-at="2018-12-11T13:36:42Z" duration-ms="6382" status="PASS">
          <reporter-output>
            <line>
              <![CDATA[testScreen Test Started..]]>
            </line>
            <line>
              <![CDATA[<a href='D:\automationProject\uiFrameWork\src\main\resources\screenShots\fbSCR_11_12_2018_07_06_40.png'><img src='D:\automationProject\uiFrameWork\src\main\resources\screenShots\fbSCR_11_12_2018_07_06_40.png'height='100' width='100'/></a>]]>
            </line>
            <line>
              <![CDATA[testScreen Test Passed..]]>
            </line>
          </reporter-output>
        </test-method> <!-- testScreen -->
        <test-method is-config="true" signature="afterMethod(org.testng.ITestResult)[pri:0, instance:com.uiFrameWork.zone92.projectAutomation.testScripts.TestScreenShot@4efac082]" started-at="2018-12-11T13:36:42Z" name="afterMethod" finished-at="2018-12-11T13:36:42Z" duration-ms="757" status="PASS">
          <params>
            <param index="0">
              <value>
                <![CDATA[[TestResult name=testScreen status=SUCCESS method=TestScreenShot.testScreen()[pri:0, instance:com.uiFrameWork.zone92.projectAutomation.testScripts.TestScreenShot@4efac082] output=testScreen Test Started..]]]>
              </value>
            </param>
          </params>
          <reporter-output>
            <line>
              <![CDATA[<a href='D:\automationProject\uiFrameWork\src\main\resources\screenShots\testScreen_11_12_2018_07_06_42.png'><img src='D:\automationProject\uiFrameWork\src\main\resources\screenShots\testScreen_11_12_2018_07_06_42.png'height='100' width='100'/></a>]]>
            </line>
          </reporter-output>
        </test-method> <!-- afterMethod -->
        <test-method is-config="true" signature="afterTest()[pri:0, instance:com.uiFrameWork.zone92.projectAutomation.testScripts.TestScreenShot@4efac082]" started-at="2018-12-11T13:36:42Z" name="afterTest" finished-at="2018-12-11T13:36:43Z" duration-ms="1150" status="PASS">
          <reporter-output>
          </reporter-output>
        </test-method> <!-- afterTest -->
      </class> <!-- com.uiFrameWork.zone92.projectAutomation.testScripts.TestScreenShot -->
    </test> <!-- TestScreenShot -->
  </suite> <!-- Regression Suite -->
</testng-results>
